[2026-03-31T08:46:53.879Z] Fetching fresh ranking for accountSize: All
[2026-03-31T08:46:53.880Z] Fetching fresh ranking for accountSize: All
[2026-03-31T08:46:54.227Z] Found 500 active challenges
[2026-03-31T08:46:54.228Z] Fetching profiles for 466 users
[2026-03-31T08:46:54.233Z] Found 500 active challenges
[2026-03-31T08:46:54.234Z] Fetching profiles for 466 users
[2026-03-31T08:46:55.554Z] Profiles fetch error: TypeError: fetch failed
[2026-03-31T08:46:55.555Z] Mapped 0 profiles
[2026-03-31T08:46:55.555Z] Fetching trades for 500 challenges
[2026-03-31T08:46:55.558Z] Profiles fetch error: TypeError: fetch failed
[2026-03-31T08:46:55.558Z] Mapped 0 profiles
[2026-03-31T08:46:55.558Z] Fetching trades for 500 challenges
[2026-03-31T08:46:55.964Z] Trades fetch error: TypeError: fetch failed
[2026-03-31T08:46:55.964Z] Found 0 trades
[2026-03-31T08:46:55.965Z] Returning 100 leaderboard entries
[2026-03-31T08:46:55.974Z] Trades fetch error: TypeError: fetch failed
[2026-03-31T08:46:55.974Z] Found 0 trades
[2026-03-31T08:46:55.975Z] Returning 100 leaderboard entries
[2026-03-31T08:47:18.152Z] Serving 100 entries from cache
[2026-03-31T08:47:18.154Z] Serving 100 entries from cache
[2026-03-31T08:47:32.458Z] Serving 42 entries from cache
[2026-03-31T08:47:33.808Z] Serving 100 entries from cache
[2026-03-31T08:49:16.106Z] Fetching fresh ranking for accountSize: All
[2026-03-31T08:49:16.112Z] Fetching fresh ranking for accountSize: All
[2026-03-31T08:49:16.464Z] Found 500 active challenges
[2026-03-31T08:49:16.465Z] Fetching profiles for 466 users
[2026-03-31T08:49:16.468Z] Found 500 active challenges
[2026-03-31T08:49:16.469Z] Fetching profiles for 466 users
[2026-03-31T08:49:16.844Z] Profiles fetch error: TypeError: fetch failed
[2026-03-31T08:49:16.845Z] Mapped 0 profiles
[2026-03-31T08:49:16.845Z] Fetching trades for 500 challenges
[2026-03-31T08:49:16.864Z] Profiles fetch error: TypeError: fetch failed
[2026-03-31T08:49:16.864Z] Mapped 0 profiles
[2026-03-31T08:49:16.864Z] Fetching trades for 500 challenges
[2026-03-31T08:49:17.258Z] Trades fetch error: TypeError: fetch failed
[2026-03-31T08:49:17.258Z] Found 0 trades
[2026-03-31T08:49:17.259Z] Returning 100 leaderboard entries
[2026-03-31T08:49:17.271Z] Trades fetch error: TypeError: fetch failed
[2026-03-31T08:49:17.271Z] Found 0 trades
[2026-03-31T08:49:17.272Z] Returning 100 leaderboard entries
[2026-03-31T08:50:17.216Z] Serving 100 entries from cache
[2026-03-31T08:50:17.219Z] Serving 100 entries from cache
[2026-03-31T09:09:09.833Z] Fetching fresh ranking for accountSize: All
[2026-03-31T09:09:09.834Z] Fetching fresh ranking for accountSize: All
[2026-03-31T09:09:10.184Z] Found 500 active challenges
[2026-03-31T09:09:10.185Z] Fetching profiles for 466 users
[2026-03-31T09:09:10.187Z] Found 500 active challenges
[2026-03-31T09:09:10.187Z] Fetching profiles for 466 users
[2026-03-31T09:09:10.543Z] Profiles fetch error: TypeError: fetch failed
[2026-03-31T09:09:10.543Z] Mapped 0 profiles
[2026-03-31T09:09:10.543Z] Fetching trades for 500 challenges
[2026-03-31T09:09:10.546Z] Profiles fetch error: TypeError: fetch failed
[2026-03-31T09:09:10.546Z] Mapped 0 profiles
[2026-03-31T09:09:10.546Z] Fetching trades for 500 challenges
[2026-03-31T09:09:10.959Z] Trades fetch error: TypeError: fetch failed
[2026-03-31T09:09:10.959Z] Found 0 trades
[2026-03-31T09:09:10.959Z] Returning 100 leaderboard entries
[2026-03-31T09:09:10.961Z] Trades fetch error: TypeError: fetch failed
[2026-03-31T09:09:10.961Z] Found 0 trades
[2026-03-31T09:09:10.962Z] Returning 100 leaderboard entries
[2026-03-31T09:22:34.416Z] Fetching fresh ranking for accountSize: All
[2026-03-31T09:22:34.417Z] Fetching fresh ranking for accountSize: All
[2026-03-31T09:22:34.729Z] Found 500 active challenges
[2026-03-31T09:22:34.729Z] Fetching profiles for 466 users
[2026-03-31T09:22:34.731Z] Found 500 active challenges
[2026-03-31T09:22:34.732Z] Fetching profiles for 466 users
[2026-03-31T09:22:34.938Z] Profiles fetch error: TypeError: fetch failed
[2026-03-31T09:22:34.938Z] Mapped 0 profiles
[2026-03-31T09:22:34.939Z] Fetching trades for 500 challenges
[2026-03-31T09:22:35.083Z] Profiles fetch error: TypeError: fetch failed
[2026-03-31T09:22:35.084Z] Mapped 0 profiles
[2026-03-31T09:22:35.084Z] Fetching trades for 500 challenges
[2026-03-31T09:22:35.158Z] Trades fetch error: TypeError: fetch failed
[2026-03-31T09:22:35.159Z] Found 0 trades
[2026-03-31T09:22:35.159Z] Returning 100 leaderboard entries
[2026-03-31T09:22:35.482Z] Trades fetch error: TypeError: fetch failed
[2026-03-31T09:22:35.483Z] Found 0 trades
[2026-03-31T09:22:35.483Z] Returning 100 leaderboard entries
[2026-03-31T11:29:46.442Z] Fetching fresh ranking for accountSize: All
[2026-03-31T11:29:46.445Z] Fetching fresh ranking for accountSize: All
[2026-03-31T11:29:46.788Z] Found 500 active challenges
[2026-03-31T11:29:46.789Z] Fetching profiles for 467 users
[2026-03-31T11:29:46.800Z] Found 500 active challenges
[2026-03-31T11:29:46.800Z] Fetching profiles for 467 users
[2026-03-31T11:29:47.163Z] Profiles fetch error: TypeError: fetch failed
[2026-03-31T11:29:47.163Z] Mapped 0 profiles
[2026-03-31T11:29:47.164Z] Fetching trades for 500 challenges
[2026-03-31T11:29:47.166Z] Profiles fetch error: TypeError: fetch failed
[2026-03-31T11:29:47.166Z] Mapped 0 profiles
[2026-03-31T11:29:47.166Z] Fetching trades for 500 challenges
[2026-03-31T11:29:47.563Z] Trades fetch error: TypeError: fetch failed
[2026-03-31T11:29:47.563Z] Found 0 trades
[2026-03-31T11:29:47.564Z] Returning 100 leaderboard entries
[2026-03-31T11:29:47.568Z] Trades fetch error: TypeError: fetch failed
[2026-03-31T11:29:47.568Z] Found 0 trades
[2026-03-31T11:29:47.568Z] Returning 100 leaderboard entries
[2026-03-31T11:51:36.732Z] Fetching fresh ranking for accountSize: All
[2026-03-31T11:51:36.734Z] Fetching fresh ranking for accountSize: All
[2026-03-31T11:51:37.089Z] Found 500 active challenges
[2026-03-31T11:51:37.090Z] Fetching profiles for 467 users
[2026-03-31T11:51:37.095Z] Found 500 active challenges
[2026-03-31T11:51:37.095Z] Fetching profiles for 467 users
[2026-03-31T11:51:37.455Z] Profiles fetch error: TypeError: fetch failed
[2026-03-31T11:51:37.456Z] Mapped 0 profiles
[2026-03-31T11:51:37.456Z] Fetching trades for 500 challenges
[2026-03-31T11:51:37.461Z] Profiles fetch error: TypeError: fetch failed
[2026-03-31T11:51:37.462Z] Mapped 0 profiles
[2026-03-31T11:51:37.462Z] Fetching trades for 500 challenges
[2026-03-31T11:51:37.856Z] Trades fetch error: TypeError: fetch failed
[2026-03-31T11:51:37.856Z] Found 0 trades
[2026-03-31T11:51:37.857Z] Returning 100 leaderboard entries
[2026-03-31T11:51:37.858Z] Trades fetch error: TypeError: fetch failed
[2026-03-31T11:51:37.858Z] Found 0 trades
[2026-03-31T11:51:37.859Z] Returning 100 leaderboard entries
[2026-03-31T11:51:48.079Z] Serving 47 entries from cache
[2026-03-31T11:51:48.951Z] Serving 31 entries from cache
[2026-03-31T15:19:34.976Z] Fetching fresh ranking for accountSize: All
[2026-03-31T15:19:34.978Z] Fetching fresh ranking for accountSize: All
[2026-03-31T15:19:35.346Z] Found 500 active challenges
[2026-03-31T15:19:35.346Z] Fetching profiles for 461 users
[2026-03-31T15:19:35.428Z] Found 500 active challenges
[2026-03-31T15:19:35.429Z] Fetching profiles for 461 users
[2026-03-31T15:19:35.796Z] Profiles fetch error: TypeError: fetch failed
[2026-03-31T15:19:35.796Z] Mapped 0 profiles
[2026-03-31T15:19:35.796Z] Fetching trades for 500 challenges
[2026-03-31T15:19:35.820Z] Profiles fetch error: TypeError: fetch failed
[2026-03-31T15:19:35.820Z] Mapped 0 profiles
[2026-03-31T15:19:35.820Z] Fetching trades for 500 challenges
[2026-03-31T15:19:36.216Z] Trades fetch error: TypeError: fetch failed
[2026-03-31T15:19:36.216Z] Found 0 trades
[2026-03-31T15:19:36.217Z] Returning 100 leaderboard entries
[2026-03-31T15:19:36.237Z] Trades fetch error: TypeError: fetch failed
[2026-03-31T15:19:36.237Z] Found 0 trades
[2026-03-31T15:19:36.237Z] Returning 100 leaderboard entries
[2026-03-31T15:19:39.502Z] Serving 53 entries from cache
[2026-03-31T15:19:40.505Z] Serving 28 entries from cache
[2026-03-31T15:19:41.436Z] Serving 4 entries from cache
[2026-03-31T15:19:42.398Z] Serving 100 entries from cache
[2026-03-31T15:34:50.489Z] Fetching fresh ranking for accountSize: All
[2026-03-31T15:34:50.490Z] Fetching fresh ranking for accountSize: All
[2026-03-31T15:34:50.818Z] Found 500 active challenges
[2026-03-31T15:34:50.819Z] Fetching profiles for 461 users
[2026-03-31T15:34:50.947Z] Found 500 active challenges
[2026-03-31T15:34:50.948Z] Fetching profiles for 461 users
[2026-03-31T15:34:51.170Z] Profiles fetch error: TypeError: fetch failed
[2026-03-31T15:34:51.170Z] Mapped 0 profiles
[2026-03-31T15:34:51.170Z] Fetching trades for 500 challenges
[2026-03-31T15:34:51.173Z] Profiles fetch error: TypeError: fetch failed
[2026-03-31T15:34:51.173Z] Mapped 0 profiles
[2026-03-31T15:34:51.173Z] Fetching trades for 500 challenges
[2026-03-31T15:34:51.429Z] Trades fetch error: TypeError: fetch failed
[2026-03-31T15:34:51.429Z] Found 0 trades
[2026-03-31T15:34:51.430Z] Returning 100 leaderboard entries
[2026-03-31T15:34:51.568Z] Trades fetch error: TypeError: fetch failed
[2026-03-31T15:34:51.568Z] Found 0 trades
[2026-03-31T15:34:51.568Z] Returning 100 leaderboard entries
[2026-04-03T08:52:48.878Z] Fetching fresh ranking for accountSize: All
[2026-04-03T08:52:48.897Z] Fetching fresh ranking for accountSize: All
[2026-04-03T08:52:49.162Z] No active challenges found
[2026-04-03T08:52:49.164Z] No active challenges found
[2026-04-13T08:56:49.437Z] Fetching fresh ranking for accountSize: All
[2026-04-13T08:56:49.438Z] Fetching fresh ranking for accountSize: All
[2026-04-13T08:56:49.538Z] Found 426 active challenges
[2026-04-13T08:56:49.538Z] Fetching profiles for 417 users
[2026-04-13T08:56:49.599Z] Found 426 active challenges
[2026-04-13T08:56:49.599Z] Fetching profiles for 417 users
[2026-04-13T08:56:49.742Z] Profiles fetch error: TypeError: fetch failed
[2026-04-13T08:56:49.743Z] Mapped 0 profiles
[2026-04-13T08:56:49.743Z] Fetching trades for 426 challenges
[2026-04-13T08:56:49.815Z] Profiles fetch error: TypeError: fetch failed
[2026-04-13T08:56:49.815Z] Mapped 0 profiles
[2026-04-13T08:56:49.815Z] Fetching trades for 426 challenges
[2026-04-13T08:56:50.134Z] Trades fetch error: TypeError: fetch failed
[2026-04-13T08:56:50.135Z] Found 0 trades
[2026-04-13T08:56:50.135Z] Returning 100 leaderboard entries
[2026-04-13T08:56:50.174Z] Trades fetch error: TypeError: fetch failed
[2026-04-13T08:56:50.174Z] Found 0 trades
[2026-04-13T08:56:50.174Z] Returning 100 leaderboard entries
[2026-04-13T09:01:06.421Z] Fetching fresh ranking for accountSize: All
[2026-04-13T09:01:06.424Z] Fetching fresh ranking for accountSize: All
[2026-04-13T09:01:06.658Z] Found 426 active challenges
[2026-04-13T09:01:06.659Z] Fetching profiles for 417 users
[2026-04-13T09:01:06.669Z] Found 426 active challenges
[2026-04-13T09:01:06.670Z] Fetching profiles for 417 users
[2026-04-13T09:01:06.909Z] Profiles fetch error: TypeError: fetch failed
[2026-04-13T09:01:06.909Z] Mapped 0 profiles
[2026-04-13T09:01:06.909Z] Fetching trades for 426 challenges
[2026-04-13T09:01:06.958Z] Profiles fetch error: TypeError: fetch failed
[2026-04-13T09:01:06.958Z] Mapped 0 profiles
[2026-04-13T09:01:06.959Z] Fetching trades for 426 challenges
[2026-04-13T09:01:07.345Z] Trades fetch error: TypeError: fetch failed
[2026-04-13T09:01:07.345Z] Found 0 trades
[2026-04-13T09:01:07.346Z] Returning 100 leaderboard entries
[2026-04-13T09:01:07.414Z] Trades fetch error: TypeError: fetch failed
[2026-04-13T09:01:07.414Z] Found 0 trades
[2026-04-13T09:01:07.415Z] Returning 100 leaderboard entries
[2026-04-13T09:06:23.181Z] Fetching fresh ranking for accountSize: All
[2026-04-13T09:06:23.189Z] Fetching fresh ranking for accountSize: All
[2026-04-13T09:06:23.522Z] Found 426 active challenges
[2026-04-13T09:06:23.523Z] Fetching profiles for 417 users
[2026-04-13T09:06:23.526Z] Found 426 active challenges
[2026-04-13T09:06:23.526Z] Fetching profiles for 417 users
[2026-04-13T09:06:23.836Z] Profiles fetch error: TypeError: fetch failed
[2026-04-13T09:06:23.836Z] Mapped 0 profiles
[2026-04-13T09:06:23.837Z] Fetching trades for 426 challenges
[2026-04-13T09:06:23.861Z] Profiles fetch error: TypeError: fetch failed
[2026-04-13T09:06:23.862Z] Mapped 0 profiles
[2026-04-13T09:06:23.862Z] Fetching trades for 426 challenges
[2026-04-13T09:06:24.884Z] Trades fetch error: TypeError: fetch failed
[2026-04-13T09:06:24.885Z] Found 0 trades
[2026-04-13T09:06:24.886Z] Returning 100 leaderboard entries
[2026-04-13T09:06:25.083Z] Trades fetch error: TypeError: fetch failed
[2026-04-13T09:06:25.084Z] Found 0 trades
[2026-04-13T09:06:25.084Z] Returning 100 leaderboard entries
[2026-04-13T09:12:29.252Z] Fetching fresh ranking for accountSize: All
[2026-04-13T09:12:29.256Z] Fetching fresh ranking for accountSize: All
[2026-04-13T09:12:30.532Z] Found 426 active challenges
[2026-04-13T09:12:30.533Z] Fetching profiles for 417 users
[2026-04-13T09:12:30.549Z] Found 426 active challenges
[2026-04-13T09:12:30.550Z] Fetching profiles for 417 users
[2026-04-13T09:12:32.682Z] Profiles fetch error: TypeError: fetch failed
[2026-04-13T09:12:32.683Z] Mapped 0 profiles
[2026-04-13T09:12:32.683Z] Fetching trades for 426 challenges
[2026-04-13T09:12:33.159Z] Profiles fetch error: TypeError: fetch failed
[2026-04-13T09:12:33.160Z] Mapped 0 profiles
[2026-04-13T09:12:33.160Z] Fetching trades for 426 challenges
[2026-04-13T09:12:34.558Z] Trades fetch error: TypeError: fetch failed
[2026-04-13T09:12:34.558Z] Found 0 trades
[2026-04-13T09:12:34.559Z] Returning 100 leaderboard entries
[2026-04-13T09:12:36.818Z] Trades fetch error: TypeError: fetch failed
[2026-04-13T09:12:36.819Z] Found 0 trades
[2026-04-13T09:12:36.819Z] Returning 100 leaderboard entries
[2026-04-13T09:21:42.543Z] Fetching fresh ranking for accountSize: All
[2026-04-13T09:21:42.650Z] Found 426 active challenges
[2026-04-13T09:21:42.650Z] Fetching profiles for 417 users
[2026-04-13T09:21:42.789Z] Profiles fetch error: TypeError: fetch failed
[2026-04-13T09:21:42.789Z] Mapped 0 profiles
[2026-04-13T09:21:42.789Z] Fetching trades for 426 challenges
[2026-04-13T09:21:43.089Z] Trades fetch error: TypeError: fetch failed
[2026-04-13T09:21:43.089Z] Found 0 trades
[2026-04-13T09:21:43.090Z] Returning 100 leaderboard entries
[2026-04-13T09:24:43.823Z] Fetching fresh ranking for accountSize: All
[2026-04-13T09:24:59.580Z] Found 426 active challenges
[2026-04-13T09:24:59.580Z] Fetching profiles for 417 users in batches
[2026-04-13T09:25:06.663Z] Mapped 417 profiles from 417 total fetched
[2026-04-13T09:25:06.663Z] Fetching trades for 426 challenges in batches
[2026-04-13T09:25:07.860Z] Found 3128 trades total
[2026-04-13T09:25:07.881Z] Returning 100 leaderboard entries
[2026-04-13T09:25:09.064Z] Serving 100 entries from cache
[2026-04-13T09:25:09.066Z] Serving 100 entries from cache
[2026-04-13T09:27:49.943Z] Fetching fresh ranking for accountSize: 5k
[2026-04-13T09:27:52.158Z] Found 187 active challenges
[2026-04-13T09:27:52.159Z] Fetching profiles for 186 users in batches
[2026-04-13T09:27:53.113Z] Mapped 186 profiles from 186 total fetched
[2026-04-13T09:27:53.114Z] Fetching trades for 187 challenges in batches
[2026-04-13T09:27:53.740Z] Fetching fresh ranking for accountSize: All
[2026-04-13T09:27:54.159Z] Found 1235 trades total
[2026-04-13T09:27:54.165Z] Returning 100 leaderboard entries
[2026-04-13T09:27:54.344Z] Found 426 active challenges
[2026-04-13T09:27:54.345Z] Fetching profiles for 417 users in batches
[2026-04-13T09:27:57.444Z] Mapped 417 profiles from 417 total fetched
[2026-04-13T09:27:57.445Z] Fetching trades for 426 challenges in batches
[2026-04-13T09:27:57.941Z] Serving 100 entries from cache
[2026-04-13T09:27:59.134Z] Serving 0 entries from cache
[2026-04-13T09:28:01.343Z] Serving 0 entries from cache
[2026-04-13T09:28:02.633Z] Serving 0 entries from cache
[2026-04-13T09:28:03.485Z] Found 3130 trades total
[2026-04-13T09:28:03.508Z] Returning 100 leaderboard entries
[2026-04-13T09:28:03.664Z] Serving 9 entries from cache
[2026-04-13T09:28:07.057Z] Serving 100 entries from cache
[2026-04-13T09:31:49.944Z] Fetching fresh ranking for accountSize: All
[2026-04-13T09:31:49.953Z] Fetching fresh ranking for accountSize: All
[2026-04-13T09:31:50.062Z] Found 426 active challenges
[2026-04-13T09:31:50.063Z] Fetching profiles for 417 users in batches
[2026-04-13T09:31:50.068Z] Found 426 active challenges
[2026-04-13T09:31:50.069Z] Fetching profiles for 417 users in batches
[2026-04-13T09:31:50.565Z] Mapped 417 profiles from 417 total fetched
[2026-04-13T09:31:50.565Z] Fetching trades for 426 challenges in batches
[2026-04-13T09:31:50.574Z] Mapped 417 profiles from 417 total fetched
[2026-04-13T09:31:50.574Z] Fetching trades for 426 challenges in batches
[2026-04-13T09:31:51.046Z] Found 3135 trades total
[2026-04-13T09:31:51.064Z] Returning 100 leaderboard entries
[2026-04-13T09:31:51.066Z] Found 3135 trades total
[2026-04-13T09:31:51.087Z] Returning 100 leaderboard entries
[2026-04-13T09:33:00.675Z] Fetching fresh ranking for accountSize: All
[2026-04-13T09:33:00.691Z] Fetching fresh ranking for accountSize: All
[2026-04-13T09:33:00.796Z] Found 426 active challenges
[2026-04-13T09:33:00.797Z] Fetching profiles for 417 users in batches
[2026-04-13T09:33:00.837Z] Found 426 active challenges
[2026-04-13T09:33:00.837Z] Fetching profiles for 417 users in batches
[2026-04-13T09:33:01.474Z] Mapped 417 profiles from 417 total fetched
[2026-04-13T09:33:01.474Z] Fetching trades for 426 challenges in batches
[2026-04-13T09:33:01.477Z] Mapped 417 profiles from 417 total fetched
[2026-04-13T09:33:01.477Z] Fetching trades for 426 challenges in batches
[2026-04-13T09:33:02.068Z] Found 3135 trades total
[2026-04-13T09:33:02.091Z] Returning 100 leaderboard entries
[2026-04-13T09:33:02.267Z] Found 3135 trades total
[2026-04-13T09:33:02.297Z] Returning 100 leaderboard entries
[2026-04-14T03:25:10.906Z] Fetching fresh ranking for accountSize: All
[2026-04-14T03:25:10.908Z] Fetching fresh ranking for accountSize: All
[2026-04-14T03:25:10.998Z] Found 428 active challenges
[2026-04-14T03:25:10.998Z] Fetching profiles for 418 users in batches
[2026-04-14T03:25:11.005Z] Found 428 active challenges
[2026-04-14T03:25:11.005Z] Fetching profiles for 418 users in batches
[2026-04-14T03:25:11.743Z] Mapped 418 profiles from 418 total fetched
[2026-04-14T03:25:11.744Z] Fetching trades for 428 challenges in batches
[2026-04-14T03:25:11.854Z] Mapped 418 profiles from 418 total fetched
[2026-04-14T03:25:11.854Z] Fetching trades for 428 challenges in batches
[2026-04-14T03:25:12.631Z] Found 3750 trades total
[2026-04-14T03:25:12.657Z] Returning 100 leaderboard entries
[2026-04-14T03:25:12.759Z] Found 3750 trades total
[2026-04-14T03:25:12.786Z] Returning 100 leaderboard entries
[2026-04-16T05:43:17.802Z] Fetching fresh ranking for accountSize: All
[2026-04-16T05:43:17.804Z] Fetching fresh ranking for accountSize: All
[2026-04-16T05:43:17.924Z] Found 443 active challenges
[2026-04-16T05:43:17.925Z] Fetching profiles for 425 users in batches
[2026-04-16T05:43:17.928Z] Found 443 active challenges
[2026-04-16T05:43:17.928Z] Fetching profiles for 425 users in batches
[2026-04-16T05:43:19.000Z] Mapped 425 profiles from 425 total fetched
[2026-04-16T05:43:19.000Z] Fetching trades for 443 challenges in batches
[2026-04-16T05:43:19.111Z] Mapped 425 profiles from 425 total fetched
[2026-04-16T05:43:19.111Z] Fetching trades for 443 challenges in batches
[2026-04-16T05:43:20.221Z] Found 6257 trades total
[2026-04-16T05:43:20.262Z] Returning 100 leaderboard entries
[2026-04-16T05:43:20.321Z] Found 6257 trades total
[2026-04-16T05:43:20.356Z] Returning 100 leaderboard entries
