[2026-01-10T11:53:50.467Z] ERROR: request entity too large
PayloadTooLargeError: request entity too large
    at readStream (/Users/viswanathreddy/Desktop/Sharkfunded/crmsharkfunded/backend/node_modules/raw-body/index.js:163:17)
    at getRawBody (/Users/viswanathreddy/Desktop/Sharkfunded/crmsharkfunded/backend/node_modules/raw-body/index.js:116:12)
    at read (/Users/viswanathreddy/Desktop/Sharkfunded/crmsharkfunded/backend/node_modules/body-parser/lib/read.js:79:3)
    at jsonParser (/Users/viswanathreddy/Desktop/Sharkfunded/crmsharkfunded/backend/node_modules/body-parser/lib/types/json.js:138:5)
    at Layer.handle [as handle_request] (/Users/viswanathreddy/Desktop/Sharkfunded/crmsharkfunded/backend/node_modules/express/lib/router/layer.js:95:5)
    at trim_prefix (/Users/viswanathreddy/Desktop/Sharkfunded/crmsharkfunded/backend/node_modules/express/lib/router/index.js:328:13)
    at /Users/viswanathreddy/Desktop/Sharkfunded/crmsharkfunded/backend/node_modules/express/lib/router/index.js:286:9
    at router.process_params (/Users/viswanathreddy/Desktop/Sharkfunded/crmsharkfunded/backend/node_modules/express/lib/router/index.js:346:12)
    at next (/Users/viswanathreddy/Desktop/Sharkfunded/crmsharkfunded/backend/node_modules/express/lib/router/index.js:280:10)
    at cors (/Users/viswanathreddy/Desktop/Sharkfunded/crmsharkfunded/backend/node_modules/cors/lib/index.js:188:7)

[2026-01-10T11:53:53.357Z] ERROR: request entity too large
PayloadTooLargeError: request entity too large
    at readStream (/Users/viswanathreddy/Desktop/Sharkfunded/crmsharkfunded/backend/node_modules/raw-body/index.js:163:17)
    at getRawBody (/Users/viswanathreddy/Desktop/Sharkfunded/crmsharkfunded/backend/node_modules/raw-body/index.js:116:12)
    at read (/Users/viswanathreddy/Desktop/Sharkfunded/crmsharkfunded/backend/node_modules/body-parser/lib/read.js:79:3)
    at jsonParser (/Users/viswanathreddy/Desktop/Sharkfunded/crmsharkfunded/backend/node_modules/body-parser/lib/types/json.js:138:5)
    at Layer.handle [as handle_request] (/Users/viswanathreddy/Desktop/Sharkfunded/crmsharkfunded/backend/node_modules/express/lib/router/layer.js:95:5)
    at trim_prefix (/Users/viswanathreddy/Desktop/Sharkfunded/crmsharkfunded/backend/node_modules/express/lib/router/index.js:328:13)
    at /Users/viswanathreddy/Desktop/Sharkfunded/crmsharkfunded/backend/node_modules/express/lib/router/index.js:286:9
    at router.process_params (/Users/viswanathreddy/Desktop/Sharkfunded/crmsharkfunded/backend/node_modules/express/lib/router/index.js:346:12)
    at next (/Users/viswanathreddy/Desktop/Sharkfunded/crmsharkfunded/backend/node_modules/express/lib/router/index.js:280:10)
    at cors (/Users/viswanathreddy/Desktop/Sharkfunded/crmsharkfunded/backend/node_modules/cors/lib/index.js:188:7)

[2026-01-10T11:53:57.953Z] ERROR: request entity too large
PayloadTooLargeError: request entity too large
    at readStream (/Users/viswanathreddy/Desktop/Sharkfunded/crmsharkfunded/backend/node_modules/raw-body/index.js:163:17)
    at getRawBody (/Users/viswanathreddy/Desktop/Sharkfunded/crmsharkfunded/backend/node_modules/raw-body/index.js:116:12)
    at read (/Users/viswanathreddy/Desktop/Sharkfunded/crmsharkfunded/backend/node_modules/body-parser/lib/read.js:79:3)
    at jsonParser (/Users/viswanathreddy/Desktop/Sharkfunded/crmsharkfunded/backend/node_modules/body-parser/lib/types/json.js:138:5)
    at Layer.handle [as handle_request] (/Users/viswanathreddy/Desktop/Sharkfunded/crmsharkfunded/backend/node_modules/express/lib/router/layer.js:95:5)
    at trim_prefix (/Users/viswanathreddy/Desktop/Sharkfunded/crmsharkfunded/backend/node_modules/express/lib/router/index.js:328:13)
    at /Users/viswanathreddy/Desktop/Sharkfunded/crmsharkfunded/backend/node_modules/express/lib/router/index.js:286:9
    at router.process_params (/Users/viswanathreddy/Desktop/Sharkfunded/crmsharkfunded/backend/node_modules/express/lib/router/index.js:346:12)
    at next (/Users/viswanathreddy/Desktop/Sharkfunded/crmsharkfunded/backend/node_modules/express/lib/router/index.js:280:10)
    at cors (/Users/viswanathreddy/Desktop/Sharkfunded/crmsharkfunded/backend/node_modules/cors/lib/index.js:188:7)

[2026-01-10T11:54:06.848Z] ERROR: request entity too large
PayloadTooLargeError: request entity too large
    at readStream (/Users/viswanathreddy/Desktop/Sharkfunded/crmsharkfunded/backend/node_modules/raw-body/index.js:163:17)
    at getRawBody (/Users/viswanathreddy/Desktop/Sharkfunded/crmsharkfunded/backend/node_modules/raw-body/index.js:116:12)
    at read (/Users/viswanathreddy/Desktop/Sharkfunded/crmsharkfunded/backend/node_modules/body-parser/lib/read.js:79:3)
    at jsonParser (/Users/viswanathreddy/Desktop/Sharkfunded/crmsharkfunded/backend/node_modules/body-parser/lib/types/json.js:138:5)
    at Layer.handle [as handle_request] (/Users/viswanathreddy/Desktop/Sharkfunded/crmsharkfunded/backend/node_modules/express/lib/router/layer.js:95:5)
    at trim_prefix (/Users/viswanathreddy/Desktop/Sharkfunded/crmsharkfunded/backend/node_modules/express/lib/router/index.js:328:13)
    at /Users/viswanathreddy/Desktop/Sharkfunded/crmsharkfunded/backend/node_modules/express/lib/router/index.js:286:9
    at router.process_params (/Users/viswanathreddy/Desktop/Sharkfunded/crmsharkfunded/backend/node_modules/express/lib/router/index.js:346:12)
    at next (/Users/viswanathreddy/Desktop/Sharkfunded/crmsharkfunded/backend/node_modules/express/lib/router/index.js:280:10)
    at cors (/Users/viswanathreddy/Desktop/Sharkfunded/crmsharkfunded/backend/node_modules/cors/lib/index.js:188:7)

[2026-01-10T11:54:21.048Z] ERROR: request entity too large
PayloadTooLargeError: request entity too large
    at readStream (/Users/viswanathreddy/Desktop/Sharkfunded/crmsharkfunded/backend/node_modules/raw-body/index.js:163:17)
    at getRawBody (/Users/viswanathreddy/Desktop/Sharkfunded/crmsharkfunded/backend/node_modules/raw-body/index.js:116:12)
    at read (/Users/viswanathreddy/Desktop/Sharkfunded/crmsharkfunded/backend/node_modules/body-parser/lib/read.js:79:3)
    at jsonParser (/Users/viswanathreddy/Desktop/Sharkfunded/crmsharkfunded/backend/node_modules/body-parser/lib/types/json.js:138:5)
    at Layer.handle [as handle_request] (/Users/viswanathreddy/Desktop/Sharkfunded/crmsharkfunded/backend/node_modules/express/lib/router/layer.js:95:5)
    at trim_prefix (/Users/viswanathreddy/Desktop/Sharkfunded/crmsharkfunded/backend/node_modules/express/lib/router/index.js:328:13)
    at /Users/viswanathreddy/Desktop/Sharkfunded/crmsharkfunded/backend/node_modules/express/lib/router/index.js:286:9
    at router.process_params (/Users/viswanathreddy/Desktop/Sharkfunded/crmsharkfunded/backend/node_modules/express/lib/router/index.js:346:12)
    at next (/Users/viswanathreddy/Desktop/Sharkfunded/crmsharkfunded/backend/node_modules/express/lib/router/index.js:280:10)
    at cors (/Users/viswanathreddy/Desktop/Sharkfunded/crmsharkfunded/backend/node_modules/cors/lib/index.js:188:7)

[2026-01-10T11:54:24.026Z] ERROR: request entity too large
PayloadTooLargeError: request entity too large
    at readStream (/Users/viswanathreddy/Desktop/Sharkfunded/crmsharkfunded/backend/node_modules/raw-body/index.js:163:17)
    at getRawBody (/Users/viswanathreddy/Desktop/Sharkfunded/crmsharkfunded/backend/node_modules/raw-body/index.js:116:12)
    at read (/Users/viswanathreddy/Desktop/Sharkfunded/crmsharkfunded/backend/node_modules/body-parser/lib/read.js:79:3)
    at jsonParser (/Users/viswanathreddy/Desktop/Sharkfunded/crmsharkfunded/backend/node_modules/body-parser/lib/types/json.js:138:5)
    at Layer.handle [as handle_request] (/Users/viswanathreddy/Desktop/Sharkfunded/crmsharkfunded/backend/node_modules/express/lib/router/layer.js:95:5)
    at trim_prefix (/Users/viswanathreddy/Desktop/Sharkfunded/crmsharkfunded/backend/node_modules/express/lib/router/index.js:328:13)
    at /Users/viswanathreddy/Desktop/Sharkfunded/crmsharkfunded/backend/node_modules/express/lib/router/index.js:286:9
    at router.process_params (/Users/viswanathreddy/Desktop/Sharkfunded/crmsharkfunded/backend/node_modules/express/lib/router/index.js:346:12)
    at next (/Users/viswanathreddy/Desktop/Sharkfunded/crmsharkfunded/backend/node_modules/express/lib/router/index.js:280:10)
    at cors (/Users/viswanathreddy/Desktop/Sharkfunded/crmsharkfunded/backend/node_modules/cors/lib/index.js:188:7)

[2026-01-10T11:54:36.010Z] ERROR: request entity too large
PayloadTooLargeError: request entity too large
    at readStream (/Users/viswanathreddy/Desktop/Sharkfunded/crmsharkfunded/backend/node_modules/raw-body/index.js:163:17)
    at getRawBody (/Users/viswanathreddy/Desktop/Sharkfunded/crmsharkfunded/backend/node_modules/raw-body/index.js:116:12)
    at read (/Users/viswanathreddy/Desktop/Sharkfunded/crmsharkfunded/backend/node_modules/body-parser/lib/read.js:79:3)
    at jsonParser (/Users/viswanathreddy/Desktop/Sharkfunded/crmsharkfunded/backend/node_modules/body-parser/lib/types/json.js:138:5)
    at Layer.handle [as handle_request] (/Users/viswanathreddy/Desktop/Sharkfunded/crmsharkfunded/backend/node_modules/express/lib/router/layer.js:95:5)
    at trim_prefix (/Users/viswanathreddy/Desktop/Sharkfunded/crmsharkfunded/backend/node_modules/express/lib/router/index.js:328:13)
    at /Users/viswanathreddy/Desktop/Sharkfunded/crmsharkfunded/backend/node_modules/express/lib/router/index.js:286:9
    at router.process_params (/Users/viswanathreddy/Desktop/Sharkfunded/crmsharkfunded/backend/node_modules/express/lib/router/index.js:346:12)
    at next (/Users/viswanathreddy/Desktop/Sharkfunded/crmsharkfunded/backend/node_modules/express/lib/router/index.js:280:10)
    at cors (/Users/viswanathreddy/Desktop/Sharkfunded/crmsharkfunded/backend/node_modules/cors/lib/index.js:188:7)

[2026-01-10T11:54:41.781Z] ERROR: request entity too large
PayloadTooLargeError: request entity too large
    at readStream (/Users/viswanathreddy/Desktop/Sharkfunded/crmsharkfunded/backend/node_modules/raw-body/index.js:163:17)
    at getRawBody (/Users/viswanathreddy/Desktop/Sharkfunded/crmsharkfunded/backend/node_modules/raw-body/index.js:116:12)
    at read (/Users/viswanathreddy/Desktop/Sharkfunded/crmsharkfunded/backend/node_modules/body-parser/lib/read.js:79:3)
    at jsonParser (/Users/viswanathreddy/Desktop/Sharkfunded/crmsharkfunded/backend/node_modules/body-parser/lib/types/json.js:138:5)
    at Layer.handle [as handle_request] (/Users/viswanathreddy/Desktop/Sharkfunded/crmsharkfunded/backend/node_modules/express/lib/router/layer.js:95:5)
    at trim_prefix (/Users/viswanathreddy/Desktop/Sharkfunded/crmsharkfunded/backend/node_modules/express/lib/router/index.js:328:13)
    at /Users/viswanathreddy/Desktop/Sharkfunded/crmsharkfunded/backend/node_modules/express/lib/router/index.js:286:9
    at router.process_params (/Users/viswanathreddy/Desktop/Sharkfunded/crmsharkfunded/backend/node_modules/express/lib/router/index.js:346:12)
    at next (/Users/viswanathreddy/Desktop/Sharkfunded/crmsharkfunded/backend/node_modules/express/lib/router/index.js:280:10)
    at cors (/Users/viswanathreddy/Desktop/Sharkfunded/crmsharkfunded/backend/node_modules/cors/lib/index.js:188:7)

[2026-01-10T11:54:44.488Z] ERROR: request entity too large
PayloadTooLargeError: request entity too large
    at readStream (/Users/viswanathreddy/Desktop/Sharkfunded/crmsharkfunded/backend/node_modules/raw-body/index.js:163:17)
    at getRawBody (/Users/viswanathreddy/Desktop/Sharkfunded/crmsharkfunded/backend/node_modules/raw-body/index.js:116:12)
    at read (/Users/viswanathreddy/Desktop/Sharkfunded/crmsharkfunded/backend/node_modules/body-parser/lib/read.js:79:3)
    at jsonParser (/Users/viswanathreddy/Desktop/Sharkfunded/crmsharkfunded/backend/node_modules/body-parser/lib/types/json.js:138:5)
    at Layer.handle [as handle_request] (/Users/viswanathreddy/Desktop/Sharkfunded/crmsharkfunded/backend/node_modules/express/lib/router/layer.js:95:5)
    at trim_prefix (/Users/viswanathreddy/Desktop/Sharkfunded/crmsharkfunded/backend/node_modules/express/lib/router/index.js:328:13)
    at /Users/viswanathreddy/Desktop/Sharkfunded/crmsharkfunded/backend/node_modules/express/lib/router/index.js:286:9
    at router.process_params (/Users/viswanathreddy/Desktop/Sharkfunded/crmsharkfunded/backend/node_modules/express/lib/router/index.js:346:12)
    at next (/Users/viswanathreddy/Desktop/Sharkfunded/crmsharkfunded/backend/node_modules/express/lib/router/index.js:280:10)
    at cors (/Users/viswanathreddy/Desktop/Sharkfunded/crmsharkfunded/backend/node_modules/cors/lib/index.js:188:7)

[2026-01-10T11:54:49.374Z] ERROR: request entity too large
PayloadTooLargeError: request entity too large
    at readStream (/Users/viswanathreddy/Desktop/Sharkfunded/crmsharkfunded/backend/node_modules/raw-body/index.js:163:17)
    at getRawBody (/Users/viswanathreddy/Desktop/Sharkfunded/crmsharkfunded/backend/node_modules/raw-body/index.js:116:12)
    at read (/Users/viswanathreddy/Desktop/Sharkfunded/crmsharkfunded/backend/node_modules/body-parser/lib/read.js:79:3)
    at jsonParser (/Users/viswanathreddy/Desktop/Sharkfunded/crmsharkfunded/backend/node_modules/body-parser/lib/types/json.js:138:5)
    at Layer.handle [as handle_request] (/Users/viswanathreddy/Desktop/Sharkfunded/crmsharkfunded/backend/node_modules/express/lib/router/layer.js:95:5)
    at trim_prefix (/Users/viswanathreddy/Desktop/Sharkfunded/crmsharkfunded/backend/node_modules/express/lib/router/index.js:328:13)
    at /Users/viswanathreddy/Desktop/Sharkfunded/crmsharkfunded/backend/node_modules/express/lib/router/index.js:286:9
    at router.process_params (/Users/viswanathreddy/Desktop/Sharkfunded/crmsharkfunded/backend/node_modules/express/lib/router/index.js:346:12)
    at next (/Users/viswanathreddy/Desktop/Sharkfunded/crmsharkfunded/backend/node_modules/express/lib/router/index.js:280:10)
    at cors (/Users/viswanathreddy/Desktop/Sharkfunded/crmsharkfunded/backend/node_modules/cors/lib/index.js:188:7)

[2026-01-10T11:54:50.373Z] ERROR: request entity too large
PayloadTooLargeError: request entity too large
    at readStream (/Users/viswanathreddy/Desktop/Sharkfunded/crmsharkfunded/backend/node_modules/raw-body/index.js:163:17)
    at getRawBody (/Users/viswanathreddy/Desktop/Sharkfunded/crmsharkfunded/backend/node_modules/raw-body/index.js:116:12)
    at read (/Users/viswanathreddy/Desktop/Sharkfunded/crmsharkfunded/backend/node_modules/body-parser/lib/read.js:79:3)
    at jsonParser (/Users/viswanathreddy/Desktop/Sharkfunded/crmsharkfunded/backend/node_modules/body-parser/lib/types/json.js:138:5)
    at Layer.handle [as handle_request] (/Users/viswanathreddy/Desktop/Sharkfunded/crmsharkfunded/backend/node_modules/express/lib/router/layer.js:95:5)
    at trim_prefix (/Users/viswanathreddy/Desktop/Sharkfunded/crmsharkfunded/backend/node_modules/express/lib/router/index.js:328:13)
    at /Users/viswanathreddy/Desktop/Sharkfunded/crmsharkfunded/backend/node_modules/express/lib/router/index.js:286:9
    at router.process_params (/Users/viswanathreddy/Desktop/Sharkfunded/crmsharkfunded/backend/node_modules/express/lib/router/index.js:346:12)
    at next (/Users/viswanathreddy/Desktop/Sharkfunded/crmsharkfunded/backend/node_modules/express/lib/router/index.js:280:10)
    at cors (/Users/viswanathreddy/Desktop/Sharkfunded/crmsharkfunded/backend/node_modules/cors/lib/index.js:188:7)

[2026-01-10T12:40:06.701Z] ERROR: request entity too large
PayloadTooLargeError: request entity too large
    at readStream (/Users/viswanathreddy/Desktop/Sharkfunded/crmsharkfunded/backend/node_modules/raw-body/index.js:163:17)
    at getRawBody (/Users/viswanathreddy/Desktop/Sharkfunded/crmsharkfunded/backend/node_modules/raw-body/index.js:116:12)
    at read (/Users/viswanathreddy/Desktop/Sharkfunded/crmsharkfunded/backend/node_modules/body-parser/lib/read.js:79:3)
    at jsonParser (/Users/viswanathreddy/Desktop/Sharkfunded/crmsharkfunded/backend/node_modules/body-parser/lib/types/json.js:138:5)
    at Layer.handle [as handle_request] (/Users/viswanathreddy/Desktop/Sharkfunded/crmsharkfunded/backend/node_modules/express/lib/router/layer.js:95:5)
    at trim_prefix (/Users/viswanathreddy/Desktop/Sharkfunded/crmsharkfunded/backend/node_modules/express/lib/router/index.js:328:13)
    at /Users/viswanathreddy/Desktop/Sharkfunded/crmsharkfunded/backend/node_modules/express/lib/router/index.js:286:9
    at router.process_params (/Users/viswanathreddy/Desktop/Sharkfunded/crmsharkfunded/backend/node_modules/express/lib/router/index.js:346:12)
    at next (/Users/viswanathreddy/Desktop/Sharkfunded/crmsharkfunded/backend/node_modules/express/lib/router/index.js:280:10)
    at cors (/Users/viswanathreddy/Desktop/Sharkfunded/crmsharkfunded/backend/node_modules/cors/lib/index.js:188:7)

[2026-01-10T12:40:13.465Z] ERROR: request entity too large
PayloadTooLargeError: request entity too large
    at readStream (/Users/viswanathreddy/Desktop/Sharkfunded/crmsharkfunded/backend/node_modules/raw-body/index.js:163:17)
    at getRawBody (/Users/viswanathreddy/Desktop/Sharkfunded/crmsharkfunded/backend/node_modules/raw-body/index.js:116:12)
    at read (/Users/viswanathreddy/Desktop/Sharkfunded/crmsharkfunded/backend/node_modules/body-parser/lib/read.js:79:3)
    at jsonParser (/Users/viswanathreddy/Desktop/Sharkfunded/crmsharkfunded/backend/node_modules/body-parser/lib/types/json.js:138:5)
    at Layer.handle [as handle_request] (/Users/viswanathreddy/Desktop/Sharkfunded/crmsharkfunded/backend/node_modules/express/lib/router/layer.js:95:5)
    at trim_prefix (/Users/viswanathreddy/Desktop/Sharkfunded/crmsharkfunded/backend/node_modules/express/lib/router/index.js:328:13)
    at /Users/viswanathreddy/Desktop/Sharkfunded/crmsharkfunded/backend/node_modules/express/lib/router/index.js:286:9
    at router.process_params (/Users/viswanathreddy/Desktop/Sharkfunded/crmsharkfunded/backend/node_modules/express/lib/router/index.js:346:12)
    at next (/Users/viswanathreddy/Desktop/Sharkfunded/crmsharkfunded/backend/node_modules/express/lib/router/index.js:280:10)
    at cors (/Users/viswanathreddy/Desktop/Sharkfunded/crmsharkfunded/backend/node_modules/cors/lib/index.js:188:7)

[2026-01-10T12:40:18.903Z] ERROR: request entity too large
PayloadTooLargeError: request entity too large
    at readStream (/Users/viswanathreddy/Desktop/Sharkfunded/crmsharkfunded/backend/node_modules/raw-body/index.js:163:17)
    at getRawBody (/Users/viswanathreddy/Desktop/Sharkfunded/crmsharkfunded/backend/node_modules/raw-body/index.js:116:12)
    at read (/Users/viswanathreddy/Desktop/Sharkfunded/crmsharkfunded/backend/node_modules/body-parser/lib/read.js:79:3)
    at jsonParser (/Users/viswanathreddy/Desktop/Sharkfunded/crmsharkfunded/backend/node_modules/body-parser/lib/types/json.js:138:5)
    at Layer.handle [as handle_request] (/Users/viswanathreddy/Desktop/Sharkfunded/crmsharkfunded/backend/node_modules/express/lib/router/layer.js:95:5)
    at trim_prefix (/Users/viswanathreddy/Desktop/Sharkfunded/crmsharkfunded/backend/node_modules/express/lib/router/index.js:328:13)
    at /Users/viswanathreddy/Desktop/Sharkfunded/crmsharkfunded/backend/node_modules/express/lib/router/index.js:286:9
    at router.process_params (/Users/viswanathreddy/Desktop/Sharkfunded/crmsharkfunded/backend/node_modules/express/lib/router/index.js:346:12)
    at next (/Users/viswanathreddy/Desktop/Sharkfunded/crmsharkfunded/backend/node_modules/express/lib/router/index.js:280:10)
    at cors (/Users/viswanathreddy/Desktop/Sharkfunded/crmsharkfunded/backend/node_modules/cors/lib/index.js:188:7)

[2026-01-10T12:40:22.334Z] ERROR: request entity too large
PayloadTooLargeError: request entity too large
    at readStream (/Users/viswanathreddy/Desktop/Sharkfunded/crmsharkfunded/backend/node_modules/raw-body/index.js:163:17)
    at getRawBody (/Users/viswanathreddy/Desktop/Sharkfunded/crmsharkfunded/backend/node_modules/raw-body/index.js:116:12)
    at read (/Users/viswanathreddy/Desktop/Sharkfunded/crmsharkfunded/backend/node_modules/body-parser/lib/read.js:79:3)
    at jsonParser (/Users/viswanathreddy/Desktop/Sharkfunded/crmsharkfunded/backend/node_modules/body-parser/lib/types/json.js:138:5)
    at Layer.handle [as handle_request] (/Users/viswanathreddy/Desktop/Sharkfunded/crmsharkfunded/backend/node_modules/express/lib/router/layer.js:95:5)
    at trim_prefix (/Users/viswanathreddy/Desktop/Sharkfunded/crmsharkfunded/backend/node_modules/express/lib/router/index.js:328:13)
    at /Users/viswanathreddy/Desktop/Sharkfunded/crmsharkfunded/backend/node_modules/express/lib/router/index.js:286:9
    at router.process_params (/Users/viswanathreddy/Desktop/Sharkfunded/crmsharkfunded/backend/node_modules/express/lib/router/index.js:346:12)
    at next (/Users/viswanathreddy/Desktop/Sharkfunded/crmsharkfunded/backend/node_modules/express/lib/router/index.js:280:10)
    at cors (/Users/viswanathreddy/Desktop/Sharkfunded/crmsharkfunded/backend/node_modules/cors/lib/index.js:188:7)

[2026-01-10T12:40:47.451Z] ERROR: request entity too large
PayloadTooLargeError: request entity too large
    at readStream (/Users/viswanathreddy/Desktop/Sharkfunded/crmsharkfunded/backend/node_modules/raw-body/index.js:163:17)
    at getRawBody (/Users/viswanathreddy/Desktop/Sharkfunded/crmsharkfunded/backend/node_modules/raw-body/index.js:116:12)
    at read (/Users/viswanathreddy/Desktop/Sharkfunded/crmsharkfunded/backend/node_modules/body-parser/lib/read.js:79:3)
    at jsonParser (/Users/viswanathreddy/Desktop/Sharkfunded/crmsharkfunded/backend/node_modules/body-parser/lib/types/json.js:138:5)
    at Layer.handle [as handle_request] (/Users/viswanathreddy/Desktop/Sharkfunded/crmsharkfunded/backend/node_modules/express/lib/router/layer.js:95:5)
    at trim_prefix (/Users/viswanathreddy/Desktop/Sharkfunded/crmsharkfunded/backend/node_modules/express/lib/router/index.js:328:13)
    at /Users/viswanathreddy/Desktop/Sharkfunded/crmsharkfunded/backend/node_modules/express/lib/router/index.js:286:9
    at router.process_params (/Users/viswanathreddy/Desktop/Sharkfunded/crmsharkfunded/backend/node_modules/express/lib/router/index.js:346:12)
    at next (/Users/viswanathreddy/Desktop/Sharkfunded/crmsharkfunded/backend/node_modules/express/lib/router/index.js:280:10)
    at cors (/Users/viswanathreddy/Desktop/Sharkfunded/crmsharkfunded/backend/node_modules/cors/lib/index.js:188:7)

[2026-01-10T12:40:50.819Z] ERROR: request entity too large
PayloadTooLargeError: request entity too large
    at readStream (/Users/viswanathreddy/Desktop/Sharkfunded/crmsharkfunded/backend/node_modules/raw-body/index.js:163:17)
    at getRawBody (/Users/viswanathreddy/Desktop/Sharkfunded/crmsharkfunded/backend/node_modules/raw-body/index.js:116:12)
    at read (/Users/viswanathreddy/Desktop/Sharkfunded/crmsharkfunded/backend/node_modules/body-parser/lib/read.js:79:3)
    at jsonParser (/Users/viswanathreddy/Desktop/Sharkfunded/crmsharkfunded/backend/node_modules/body-parser/lib/types/json.js:138:5)
    at Layer.handle [as handle_request] (/Users/viswanathreddy/Desktop/Sharkfunded/crmsharkfunded/backend/node_modules/express/lib/router/layer.js:95:5)
    at trim_prefix (/Users/viswanathreddy/Desktop/Sharkfunded/crmsharkfunded/backend/node_modules/express/lib/router/index.js:328:13)
    at /Users/viswanathreddy/Desktop/Sharkfunded/crmsharkfunded/backend/node_modules/express/lib/router/index.js:286:9
    at router.process_params (/Users/viswanathreddy/Desktop/Sharkfunded/crmsharkfunded/backend/node_modules/express/lib/router/index.js:346:12)
    at next (/Users/viswanathreddy/Desktop/Sharkfunded/crmsharkfunded/backend/node_modules/express/lib/router/index.js:280:10)
    at cors (/Users/viswanathreddy/Desktop/Sharkfunded/crmsharkfunded/backend/node_modules/cors/lib/index.js:188:7)

[2026-01-10T12:43:52.304Z] ERROR: request entity too large
PayloadTooLargeError: request entity too large
    at readStream (/Users/viswanathreddy/Desktop/Sharkfunded/crmsharkfunded/backend/node_modules/raw-body/index.js:163:17)
    at getRawBody (/Users/viswanathreddy/Desktop/Sharkfunded/crmsharkfunded/backend/node_modules/raw-body/index.js:116:12)
    at read (/Users/viswanathreddy/Desktop/Sharkfunded/crmsharkfunded/backend/node_modules/body-parser/lib/read.js:79:3)
    at jsonParser (/Users/viswanathreddy/Desktop/Sharkfunded/crmsharkfunded/backend/node_modules/body-parser/lib/types/json.js:138:5)
    at Layer.handle [as handle_request] (/Users/viswanathreddy/Desktop/Sharkfunded/crmsharkfunded/backend/node_modules/express/lib/router/layer.js:95:5)
    at trim_prefix (/Users/viswanathreddy/Desktop/Sharkfunded/crmsharkfunded/backend/node_modules/express/lib/router/index.js:328:13)
    at /Users/viswanathreddy/Desktop/Sharkfunded/crmsharkfunded/backend/node_modules/express/lib/router/index.js:286:9
    at router.process_params (/Users/viswanathreddy/Desktop/Sharkfunded/crmsharkfunded/backend/node_modules/express/lib/router/index.js:346:12)
    at next (/Users/viswanathreddy/Desktop/Sharkfunded/crmsharkfunded/backend/node_modules/express/lib/router/index.js:280:10)
    at cors (/Users/viswanathreddy/Desktop/Sharkfunded/crmsharkfunded/backend/node_modules/cors/lib/index.js:188:7)

[2026-01-10T12:43:57.601Z] ERROR: request entity too large
PayloadTooLargeError: request entity too large
    at readStream (/Users/viswanathreddy/Desktop/Sharkfunded/crmsharkfunded/backend/node_modules/raw-body/index.js:163:17)
    at getRawBody (/Users/viswanathreddy/Desktop/Sharkfunded/crmsharkfunded/backend/node_modules/raw-body/index.js:116:12)
    at read (/Users/viswanathreddy/Desktop/Sharkfunded/crmsharkfunded/backend/node_modules/body-parser/lib/read.js:79:3)
    at jsonParser (/Users/viswanathreddy/Desktop/Sharkfunded/crmsharkfunded/backend/node_modules/body-parser/lib/types/json.js:138:5)
    at Layer.handle [as handle_request] (/Users/viswanathreddy/Desktop/Sharkfunded/crmsharkfunded/backend/node_modules/express/lib/router/layer.js:95:5)
    at trim_prefix (/Users/viswanathreddy/Desktop/Sharkfunded/crmsharkfunded/backend/node_modules/express/lib/router/index.js:328:13)
    at /Users/viswanathreddy/Desktop/Sharkfunded/crmsharkfunded/backend/node_modules/express/lib/router/index.js:286:9
    at router.process_params (/Users/viswanathreddy/Desktop/Sharkfunded/crmsharkfunded/backend/node_modules/express/lib/router/index.js:346:12)
    at next (/Users/viswanathreddy/Desktop/Sharkfunded/crmsharkfunded/backend/node_modules/express/lib/router/index.js:280:10)
    at cors (/Users/viswanathreddy/Desktop/Sharkfunded/crmsharkfunded/backend/node_modules/cors/lib/index.js:188:7)

[2026-01-10T12:44:02.358Z] ERROR: request entity too large
PayloadTooLargeError: request entity too large
    at readStream (/Users/viswanathreddy/Desktop/Sharkfunded/crmsharkfunded/backend/node_modules/raw-body/index.js:163:17)
    at getRawBody (/Users/viswanathreddy/Desktop/Sharkfunded/crmsharkfunded/backend/node_modules/raw-body/index.js:116:12)
    at read (/Users/viswanathreddy/Desktop/Sharkfunded/crmsharkfunded/backend/node_modules/body-parser/lib/read.js:79:3)
    at jsonParser (/Users/viswanathreddy/Desktop/Sharkfunded/crmsharkfunded/backend/node_modules/body-parser/lib/types/json.js:138:5)
    at Layer.handle [as handle_request] (/Users/viswanathreddy/Desktop/Sharkfunded/crmsharkfunded/backend/node_modules/express/lib/router/layer.js:95:5)
    at trim_prefix (/Users/viswanathreddy/Desktop/Sharkfunded/crmsharkfunded/backend/node_modules/express/lib/router/index.js:328:13)
    at /Users/viswanathreddy/Desktop/Sharkfunded/crmsharkfunded/backend/node_modules/express/lib/router/index.js:286:9
    at router.process_params (/Users/viswanathreddy/Desktop/Sharkfunded/crmsharkfunded/backend/node_modules/express/lib/router/index.js:346:12)
    at next (/Users/viswanathreddy/Desktop/Sharkfunded/crmsharkfunded/backend/node_modules/express/lib/router/index.js:280:10)
    at cors (/Users/viswanathreddy/Desktop/Sharkfunded/crmsharkfunded/backend/node_modules/cors/lib/index.js:188:7)

[2026-01-10T12:44:04.118Z] ERROR: request entity too large
PayloadTooLargeError: request entity too large
    at readStream (/Users/viswanathreddy/Desktop/Sharkfunded/crmsharkfunded/backend/node_modules/raw-body/index.js:163:17)
    at getRawBody (/Users/viswanathreddy/Desktop/Sharkfunded/crmsharkfunded/backend/node_modules/raw-body/index.js:116:12)
    at read (/Users/viswanathreddy/Desktop/Sharkfunded/crmsharkfunded/backend/node_modules/body-parser/lib/read.js:79:3)
    at jsonParser (/Users/viswanathreddy/Desktop/Sharkfunded/crmsharkfunded/backend/node_modules/body-parser/lib/types/json.js:138:5)
    at Layer.handle [as handle_request] (/Users/viswanathreddy/Desktop/Sharkfunded/crmsharkfunded/backend/node_modules/express/lib/router/layer.js:95:5)
    at trim_prefix (/Users/viswanathreddy/Desktop/Sharkfunded/crmsharkfunded/backend/node_modules/express/lib/router/index.js:328:13)
    at /Users/viswanathreddy/Desktop/Sharkfunded/crmsharkfunded/backend/node_modules/express/lib/router/index.js:286:9
    at router.process_params (/Users/viswanathreddy/Desktop/Sharkfunded/crmsharkfunded/backend/node_modules/express/lib/router/index.js:346:12)
    at next (/Users/viswanathreddy/Desktop/Sharkfunded/crmsharkfunded/backend/node_modules/express/lib/router/index.js:280:10)
    at cors (/Users/viswanathreddy/Desktop/Sharkfunded/crmsharkfunded/backend/node_modules/cors/lib/index.js:188:7)

[2026-01-10T12:44:26.602Z] ERROR: request entity too large
PayloadTooLargeError: request entity too large
    at readStream (/Users/viswanathreddy/Desktop/Sharkfunded/crmsharkfunded/backend/node_modules/raw-body/index.js:163:17)
    at getRawBody (/Users/viswanathreddy/Desktop/Sharkfunded/crmsharkfunded/backend/node_modules/raw-body/index.js:116:12)
    at read (/Users/viswanathreddy/Desktop/Sharkfunded/crmsharkfunded/backend/node_modules/body-parser/lib/read.js:79:3)
    at jsonParser (/Users/viswanathreddy/Desktop/Sharkfunded/crmsharkfunded/backend/node_modules/body-parser/lib/types/json.js:138:5)
    at Layer.handle [as handle_request] (/Users/viswanathreddy/Desktop/Sharkfunded/crmsharkfunded/backend/node_modules/express/lib/router/layer.js:95:5)
    at trim_prefix (/Users/viswanathreddy/Desktop/Sharkfunded/crmsharkfunded/backend/node_modules/express/lib/router/index.js:328:13)
    at /Users/viswanathreddy/Desktop/Sharkfunded/crmsharkfunded/backend/node_modules/express/lib/router/index.js:286:9
    at router.process_params (/Users/viswanathreddy/Desktop/Sharkfunded/crmsharkfunded/backend/node_modules/express/lib/router/index.js:346:12)
    at next (/Users/viswanathreddy/Desktop/Sharkfunded/crmsharkfunded/backend/node_modules/express/lib/router/index.js:280:10)
    at cors (/Users/viswanathreddy/Desktop/Sharkfunded/crmsharkfunded/backend/node_modules/cors/lib/index.js:188:7)

[2026-01-10T12:44:29.906Z] ERROR: request entity too large
PayloadTooLargeError: request entity too large
    at readStream (/Users/viswanathreddy/Desktop/Sharkfunded/crmsharkfunded/backend/node_modules/raw-body/index.js:163:17)
    at getRawBody (/Users/viswanathreddy/Desktop/Sharkfunded/crmsharkfunded/backend/node_modules/raw-body/index.js:116:12)
    at read (/Users/viswanathreddy/Desktop/Sharkfunded/crmsharkfunded/backend/node_modules/body-parser/lib/read.js:79:3)
    at jsonParser (/Users/viswanathreddy/Desktop/Sharkfunded/crmsharkfunded/backend/node_modules/body-parser/lib/types/json.js:138:5)
    at Layer.handle [as handle_request] (/Users/viswanathreddy/Desktop/Sharkfunded/crmsharkfunded/backend/node_modules/express/lib/router/layer.js:95:5)
    at trim_prefix (/Users/viswanathreddy/Desktop/Sharkfunded/crmsharkfunded/backend/node_modules/express/lib/router/index.js:328:13)
    at /Users/viswanathreddy/Desktop/Sharkfunded/crmsharkfunded/backend/node_modules/express/lib/router/index.js:286:9
    at router.process_params (/Users/viswanathreddy/Desktop/Sharkfunded/crmsharkfunded/backend/node_modules/express/lib/router/index.js:346:12)
    at next (/Users/viswanathreddy/Desktop/Sharkfunded/crmsharkfunded/backend/node_modules/express/lib/router/index.js:280:10)
    at cors (/Users/viswanathreddy/Desktop/Sharkfunded/crmsharkfunded/backend/node_modules/cors/lib/index.js:188:7)

[2026-01-10T12:44:48.294Z] ERROR: request entity too large
PayloadTooLargeError: request entity too large
    at readStream (/Users/viswanathreddy/Desktop/Sharkfunded/crmsharkfunded/backend/node_modules/raw-body/index.js:163:17)
    at getRawBody (/Users/viswanathreddy/Desktop/Sharkfunded/crmsharkfunded/backend/node_modules/raw-body/index.js:116:12)
    at read (/Users/viswanathreddy/Desktop/Sharkfunded/crmsharkfunded/backend/node_modules/body-parser/lib/read.js:79:3)
    at jsonParser (/Users/viswanathreddy/Desktop/Sharkfunded/crmsharkfunded/backend/node_modules/body-parser/lib/types/json.js:138:5)
    at Layer.handle [as handle_request] (/Users/viswanathreddy/Desktop/Sharkfunded/crmsharkfunded/backend/node_modules/express/lib/router/layer.js:95:5)
    at trim_prefix (/Users/viswanathreddy/Desktop/Sharkfunded/crmsharkfunded/backend/node_modules/express/lib/router/index.js:328:13)
    at /Users/viswanathreddy/Desktop/Sharkfunded/crmsharkfunded/backend/node_modules/express/lib/router/index.js:286:9
    at router.process_params (/Users/viswanathreddy/Desktop/Sharkfunded/crmsharkfunded/backend/node_modules/express/lib/router/index.js:346:12)
    at next (/Users/viswanathreddy/Desktop/Sharkfunded/crmsharkfunded/backend/node_modules/express/lib/router/index.js:280:10)
    at cors (/Users/viswanathreddy/Desktop/Sharkfunded/crmsharkfunded/backend/node_modules/cors/lib/index.js:188:7)

[2026-01-10T12:44:56.692Z] ERROR: request entity too large
PayloadTooLargeError: request entity too large
    at readStream (/Users/viswanathreddy/Desktop/Sharkfunded/crmsharkfunded/backend/node_modules/raw-body/index.js:163:17)
    at getRawBody (/Users/viswanathreddy/Desktop/Sharkfunded/crmsharkfunded/backend/node_modules/raw-body/index.js:116:12)
    at read (/Users/viswanathreddy/Desktop/Sharkfunded/crmsharkfunded/backend/node_modules/body-parser/lib/read.js:79:3)
    at jsonParser (/Users/viswanathreddy/Desktop/Sharkfunded/crmsharkfunded/backend/node_modules/body-parser/lib/types/json.js:138:5)
    at Layer.handle [as handle_request] (/Users/viswanathreddy/Desktop/Sharkfunded/crmsharkfunded/backend/node_modules/express/lib/router/layer.js:95:5)
    at trim_prefix (/Users/viswanathreddy/Desktop/Sharkfunded/crmsharkfunded/backend/node_modules/express/lib/router/index.js:328:13)
    at /Users/viswanathreddy/Desktop/Sharkfunded/crmsharkfunded/backend/node_modules/express/lib/router/index.js:286:9
    at router.process_params (/Users/viswanathreddy/Desktop/Sharkfunded/crmsharkfunded/backend/node_modules/express/lib/router/index.js:346:12)
    at next (/Users/viswanathreddy/Desktop/Sharkfunded/crmsharkfunded/backend/node_modules/express/lib/router/index.js:280:10)
    at cors (/Users/viswanathreddy/Desktop/Sharkfunded/crmsharkfunded/backend/node_modules/cors/lib/index.js:188:7)

[2026-01-10T12:44:57.965Z] ERROR: request entity too large
PayloadTooLargeError: request entity too large
    at readStream (/Users/viswanathreddy/Desktop/Sharkfunded/crmsharkfunded/backend/node_modules/raw-body/index.js:163:17)
    at getRawBody (/Users/viswanathreddy/Desktop/Sharkfunded/crmsharkfunded/backend/node_modules/raw-body/index.js:116:12)
    at read (/Users/viswanathreddy/Desktop/Sharkfunded/crmsharkfunded/backend/node_modules/body-parser/lib/read.js:79:3)
    at jsonParser (/Users/viswanathreddy/Desktop/Sharkfunded/crmsharkfunded/backend/node_modules/body-parser/lib/types/json.js:138:5)
    at Layer.handle [as handle_request] (/Users/viswanathreddy/Desktop/Sharkfunded/crmsharkfunded/backend/node_modules/express/lib/router/layer.js:95:5)
    at trim_prefix (/Users/viswanathreddy/Desktop/Sharkfunded/crmsharkfunded/backend/node_modules/express/lib/router/index.js:328:13)
    at /Users/viswanathreddy/Desktop/Sharkfunded/crmsharkfunded/backend/node_modules/express/lib/router/index.js:286:9
    at router.process_params (/Users/viswanathreddy/Desktop/Sharkfunded/crmsharkfunded/backend/node_modules/express/lib/router/index.js:346:12)
    at next (/Users/viswanathreddy/Desktop/Sharkfunded/crmsharkfunded/backend/node_modules/express/lib/router/index.js:280:10)
    at cors (/Users/viswanathreddy/Desktop/Sharkfunded/crmsharkfunded/backend/node_modules/cors/lib/index.js:188:7)

[2026-01-10T12:45:01.095Z] ERROR: request entity too large
PayloadTooLargeError: request entity too large
    at readStream (/Users/viswanathreddy/Desktop/Sharkfunded/crmsharkfunded/backend/node_modules/raw-body/index.js:163:17)
    at getRawBody (/Users/viswanathreddy/Desktop/Sharkfunded/crmsharkfunded/backend/node_modules/raw-body/index.js:116:12)
    at read (/Users/viswanathreddy/Desktop/Sharkfunded/crmsharkfunded/backend/node_modules/body-parser/lib/read.js:79:3)
    at jsonParser (/Users/viswanathreddy/Desktop/Sharkfunded/crmsharkfunded/backend/node_modules/body-parser/lib/types/json.js:138:5)
    at Layer.handle [as handle_request] (/Users/viswanathreddy/Desktop/Sharkfunded/crmsharkfunded/backend/node_modules/express/lib/router/layer.js:95:5)
    at trim_prefix (/Users/viswanathreddy/Desktop/Sharkfunded/crmsharkfunded/backend/node_modules/express/lib/router/index.js:328:13)
    at /Users/viswanathreddy/Desktop/Sharkfunded/crmsharkfunded/backend/node_modules/express/lib/router/index.js:286:9
    at router.process_params (/Users/viswanathreddy/Desktop/Sharkfunded/crmsharkfunded/backend/node_modules/express/lib/router/index.js:346:12)
    at next (/Users/viswanathreddy/Desktop/Sharkfunded/crmsharkfunded/backend/node_modules/express/lib/router/index.js:280:10)
    at cors (/Users/viswanathreddy/Desktop/Sharkfunded/crmsharkfunded/backend/node_modules/cors/lib/index.js:188:7)

[2026-01-10T12:45:20.868Z] ERROR: request entity too large
PayloadTooLargeError: request entity too large
    at readStream (/Users/viswanathreddy/Desktop/Sharkfunded/crmsharkfunded/backend/node_modules/raw-body/index.js:163:17)
    at getRawBody (/Users/viswanathreddy/Desktop/Sharkfunded/crmsharkfunded/backend/node_modules/raw-body/index.js:116:12)
    at read (/Users/viswanathreddy/Desktop/Sharkfunded/crmsharkfunded/backend/node_modules/body-parser/lib/read.js:79:3)
    at jsonParser (/Users/viswanathreddy/Desktop/Sharkfunded/crmsharkfunded/backend/node_modules/body-parser/lib/types/json.js:138:5)
    at Layer.handle [as handle_request] (/Users/viswanathreddy/Desktop/Sharkfunded/crmsharkfunded/backend/node_modules/express/lib/router/layer.js:95:5)
    at trim_prefix (/Users/viswanathreddy/Desktop/Sharkfunded/crmsharkfunded/backend/node_modules/express/lib/router/index.js:328:13)
    at /Users/viswanathreddy/Desktop/Sharkfunded/crmsharkfunded/backend/node_modules/express/lib/router/index.js:286:9
    at router.process_params (/Users/viswanathreddy/Desktop/Sharkfunded/crmsharkfunded/backend/node_modules/express/lib/router/index.js:346:12)
    at next (/Users/viswanathreddy/Desktop/Sharkfunded/crmsharkfunded/backend/node_modules/express/lib/router/index.js:280:10)
    at cors (/Users/viswanathreddy/Desktop/Sharkfunded/crmsharkfunded/backend/node_modules/cors/lib/index.js:188:7)

[2026-01-10T12:45:24.225Z] ERROR: request entity too large
PayloadTooLargeError: request entity too large
    at readStream (/Users/viswanathreddy/Desktop/Sharkfunded/crmsharkfunded/backend/node_modules/raw-body/index.js:163:17)
    at getRawBody (/Users/viswanathreddy/Desktop/Sharkfunded/crmsharkfunded/backend/node_modules/raw-body/index.js:116:12)
    at read (/Users/viswanathreddy/Desktop/Sharkfunded/crmsharkfunded/backend/node_modules/body-parser/lib/read.js:79:3)
    at jsonParser (/Users/viswanathreddy/Desktop/Sharkfunded/crmsharkfunded/backend/node_modules/body-parser/lib/types/json.js:138:5)
    at Layer.handle [as handle_request] (/Users/viswanathreddy/Desktop/Sharkfunded/crmsharkfunded/backend/node_modules/express/lib/router/layer.js:95:5)
    at trim_prefix (/Users/viswanathreddy/Desktop/Sharkfunded/crmsharkfunded/backend/node_modules/express/lib/router/index.js:328:13)
    at /Users/viswanathreddy/Desktop/Sharkfunded/crmsharkfunded/backend/node_modules/express/lib/router/index.js:286:9
    at router.process_params (/Users/viswanathreddy/Desktop/Sharkfunded/crmsharkfunded/backend/node_modules/express/lib/router/index.js:346:12)
    at next (/Users/viswanathreddy/Desktop/Sharkfunded/crmsharkfunded/backend/node_modules/express/lib/router/index.js:280:10)
    at cors (/Users/viswanathreddy/Desktop/Sharkfunded/crmsharkfunded/backend/node_modules/cors/lib/index.js:188:7)

[2026-01-10T12:49:09.307Z] ERROR: request entity too large
PayloadTooLargeError: request entity too large
    at readStream (/Users/viswanathreddy/Desktop/Sharkfunded/crmsharkfunded/backend/node_modules/raw-body/index.js:163:17)
    at getRawBody (/Users/viswanathreddy/Desktop/Sharkfunded/crmsharkfunded/backend/node_modules/raw-body/index.js:116:12)
    at read (/Users/viswanathreddy/Desktop/Sharkfunded/crmsharkfunded/backend/node_modules/body-parser/lib/read.js:79:3)
    at jsonParser (/Users/viswanathreddy/Desktop/Sharkfunded/crmsharkfunded/backend/node_modules/body-parser/lib/types/json.js:138:5)
    at Layer.handle [as handle_request] (/Users/viswanathreddy/Desktop/Sharkfunded/crmsharkfunded/backend/node_modules/express/lib/router/layer.js:95:5)
    at trim_prefix (/Users/viswanathreddy/Desktop/Sharkfunded/crmsharkfunded/backend/node_modules/express/lib/router/index.js:328:13)
    at /Users/viswanathreddy/Desktop/Sharkfunded/crmsharkfunded/backend/node_modules/express/lib/router/index.js:286:9
    at router.process_params (/Users/viswanathreddy/Desktop/Sharkfunded/crmsharkfunded/backend/node_modules/express/lib/router/index.js:346:12)
    at next (/Users/viswanathreddy/Desktop/Sharkfunded/crmsharkfunded/backend/node_modules/express/lib/router/index.js:280:10)
    at cors (/Users/viswanathreddy/Desktop/Sharkfunded/crmsharkfunded/backend/node_modules/cors/lib/index.js:188:7)

[2026-01-10T12:50:04.376Z] ERROR: request entity too large
PayloadTooLargeError: request entity too large
    at readStream (/Users/viswanathreddy/Desktop/Sharkfunded/crmsharkfunded/backend/node_modules/raw-body/index.js:163:17)
    at getRawBody (/Users/viswanathreddy/Desktop/Sharkfunded/crmsharkfunded/backend/node_modules/raw-body/index.js:116:12)
    at read (/Users/viswanathreddy/Desktop/Sharkfunded/crmsharkfunded/backend/node_modules/body-parser/lib/read.js:79:3)
    at jsonParser (/Users/viswanathreddy/Desktop/Sharkfunded/crmsharkfunded/backend/node_modules/body-parser/lib/types/json.js:138:5)
    at Layer.handle [as handle_request] (/Users/viswanathreddy/Desktop/Sharkfunded/crmsharkfunded/backend/node_modules/express/lib/router/layer.js:95:5)
    at trim_prefix (/Users/viswanathreddy/Desktop/Sharkfunded/crmsharkfunded/backend/node_modules/express/lib/router/index.js:328:13)
    at /Users/viswanathreddy/Desktop/Sharkfunded/crmsharkfunded/backend/node_modules/express/lib/router/index.js:286:9
    at router.process_params (/Users/viswanathreddy/Desktop/Sharkfunded/crmsharkfunded/backend/node_modules/express/lib/router/index.js:346:12)
    at next (/Users/viswanathreddy/Desktop/Sharkfunded/crmsharkfunded/backend/node_modules/express/lib/router/index.js:280:10)
    at cors (/Users/viswanathreddy/Desktop/Sharkfunded/crmsharkfunded/backend/node_modules/cors/lib/index.js:188:7)

[2026-01-10T12:50:34.127Z] ERROR: request entity too large
PayloadTooLargeError: request entity too large
    at readStream (/Users/viswanathreddy/Desktop/Sharkfunded/crmsharkfunded/backend/node_modules/raw-body/index.js:163:17)
    at getRawBody (/Users/viswanathreddy/Desktop/Sharkfunded/crmsharkfunded/backend/node_modules/raw-body/index.js:116:12)
    at read (/Users/viswanathreddy/Desktop/Sharkfunded/crmsharkfunded/backend/node_modules/body-parser/lib/read.js:79:3)
    at jsonParser (/Users/viswanathreddy/Desktop/Sharkfunded/crmsharkfunded/backend/node_modules/body-parser/lib/types/json.js:138:5)
    at Layer.handle [as handle_request] (/Users/viswanathreddy/Desktop/Sharkfunded/crmsharkfunded/backend/node_modules/express/lib/router/layer.js:95:5)
    at trim_prefix (/Users/viswanathreddy/Desktop/Sharkfunded/crmsharkfunded/backend/node_modules/express/lib/router/index.js:328:13)
    at /Users/viswanathreddy/Desktop/Sharkfunded/crmsharkfunded/backend/node_modules/express/lib/router/index.js:286:9
    at router.process_params (/Users/viswanathreddy/Desktop/Sharkfunded/crmsharkfunded/backend/node_modules/express/lib/router/index.js:346:12)
    at next (/Users/viswanathreddy/Desktop/Sharkfunded/crmsharkfunded/backend/node_modules/express/lib/router/index.js:280:10)
    at cors (/Users/viswanathreddy/Desktop/Sharkfunded/crmsharkfunded/backend/node_modules/cors/lib/index.js:188:7)

[2026-01-10T12:50:46.396Z] ERROR: request entity too large
PayloadTooLargeError: request entity too large
    at readStream (/Users/viswanathreddy/Desktop/Sharkfunded/crmsharkfunded/backend/node_modules/raw-body/index.js:163:17)
    at getRawBody (/Users/viswanathreddy/Desktop/Sharkfunded/crmsharkfunded/backend/node_modules/raw-body/index.js:116:12)
    at read (/Users/viswanathreddy/Desktop/Sharkfunded/crmsharkfunded/backend/node_modules/body-parser/lib/read.js:79:3)
    at jsonParser (/Users/viswanathreddy/Desktop/Sharkfunded/crmsharkfunded/backend/node_modules/body-parser/lib/types/json.js:138:5)
    at Layer.handle [as handle_request] (/Users/viswanathreddy/Desktop/Sharkfunded/crmsharkfunded/backend/node_modules/express/lib/router/layer.js:95:5)
    at trim_prefix (/Users/viswanathreddy/Desktop/Sharkfunded/crmsharkfunded/backend/node_modules/express/lib/router/index.js:328:13)
    at /Users/viswanathreddy/Desktop/Sharkfunded/crmsharkfunded/backend/node_modules/express/lib/router/index.js:286:9
    at router.process_params (/Users/viswanathreddy/Desktop/Sharkfunded/crmsharkfunded/backend/node_modules/express/lib/router/index.js:346:12)
    at next (/Users/viswanathreddy/Desktop/Sharkfunded/crmsharkfunded/backend/node_modules/express/lib/router/index.js:280:10)
    at cors (/Users/viswanathreddy/Desktop/Sharkfunded/crmsharkfunded/backend/node_modules/cors/lib/index.js:188:7)

[2026-03-30T07:46:38.857Z] SYNC ERROR for 900909493744: TypeError: fetch failed
undefined

[2026-03-30T10:26:17.646Z] SYNC ERROR for 900909500911: TypeError: fetch failed
undefined

[2026-03-30T11:49:41.364Z] SYNC ERROR for 900909494962: TypeError: fetch failed
undefined

[2026-03-30T19:35:35.815Z] SYNC ERROR for 900909506566: Cannot find module '/Users/rohithazmeera/Desktop/Sharkfunded/sharkfundedcrm/crm fusion funded/backend/src/lib/mt5-bridge' imported from /Users/rohithazmeera/Desktop/Sharkfunded/sharkfundedcrm/crm fusion funded/backend/src/workers/trade-sync-worker.ts
Error [ERR_MODULE_NOT_FOUND]: Cannot find module '/Users/rohithazmeera/Desktop/Sharkfunded/sharkfundedcrm/crm fusion funded/backend/src/lib/mt5-bridge' imported from /Users/rohithazmeera/Desktop/Sharkfunded/sharkfundedcrm/crm fusion funded/backend/src/workers/trade-sync-worker.ts
    at finalizeResolution (node:internal/modules/esm/resolve:271:11)
    at moduleResolve (node:internal/modules/esm/resolve:861:10)
    at defaultResolve (node:internal/modules/esm/resolve:988:11)
    at nextResolve (node:internal/modules/esm/hooks:769:28)
    at resolveBase (file:///Users/rohithazmeera/.npm/_npx/fd45a72a545557e9/node_modules/tsx/dist/esm/index.mjs?1774899150201:2:3744)
    at async resolveDirectory (file:///Users/rohithazmeera/.npm/_npx/fd45a72a545557e9/node_modules/tsx/dist/esm/index.mjs?1774899150201:2:4237)
    at async resolve (file:///Users/rohithazmeera/.npm/_npx/fd45a72a545557e9/node_modules/tsx/dist/esm/index.mjs?1774899150201:2:5355)
    at async nextResolve (node:internal/modules/esm/hooks:769:22)
    at async AsyncLoaderHooksOnLoaderHookWorker.resolve (node:internal/modules/esm/hooks:265:24)
    at async handleMessage (node:internal/modules/esm/worker:251:18)

[2026-03-30T19:35:35.892Z] SYNC ERROR for 900909494884: Cannot find module '/Users/rohithazmeera/Desktop/Sharkfunded/sharkfundedcrm/crm fusion funded/backend/src/lib/mt5-bridge' imported from /Users/rohithazmeera/Desktop/Sharkfunded/sharkfundedcrm/crm fusion funded/backend/src/workers/trade-sync-worker.ts
Error [ERR_MODULE_NOT_FOUND]: Cannot find module '/Users/rohithazmeera/Desktop/Sharkfunded/sharkfundedcrm/crm fusion funded/backend/src/lib/mt5-bridge' imported from /Users/rohithazmeera/Desktop/Sharkfunded/sharkfundedcrm/crm fusion funded/backend/src/workers/trade-sync-worker.ts
    at finalizeResolution (node:internal/modules/esm/resolve:271:11)
    at moduleResolve (node:internal/modules/esm/resolve:861:10)
    at defaultResolve (node:internal/modules/esm/resolve:988:11)
    at nextResolve (node:internal/modules/esm/hooks:769:28)
    at resolveBase (file:///Users/rohithazmeera/.npm/_npx/fd45a72a545557e9/node_modules/tsx/dist/esm/index.mjs?1774899150201:2:3744)
    at async resolveDirectory (file:///Users/rohithazmeera/.npm/_npx/fd45a72a545557e9/node_modules/tsx/dist/esm/index.mjs?1774899150201:2:4237)
    at async resolve (file:///Users/rohithazmeera/.npm/_npx/fd45a72a545557e9/node_modules/tsx/dist/esm/index.mjs?1774899150201:2:5355)
    at async nextResolve (node:internal/modules/esm/hooks:769:22)
    at async AsyncLoaderHooksOnLoaderHookWorker.resolve (node:internal/modules/esm/hooks:265:24)
    at async handleMessage (node:internal/modules/esm/worker:251:18)

[2026-03-30T19:35:35.893Z] SYNC ERROR for 900909505994: Cannot find module '/Users/rohithazmeera/Desktop/Sharkfunded/sharkfundedcrm/crm fusion funded/backend/src/lib/mt5-bridge' imported from /Users/rohithazmeera/Desktop/Sharkfunded/sharkfundedcrm/crm fusion funded/backend/src/workers/trade-sync-worker.ts
Error [ERR_MODULE_NOT_FOUND]: Cannot find module '/Users/rohithazmeera/Desktop/Sharkfunded/sharkfundedcrm/crm fusion funded/backend/src/lib/mt5-bridge' imported from /Users/rohithazmeera/Desktop/Sharkfunded/sharkfundedcrm/crm fusion funded/backend/src/workers/trade-sync-worker.ts
    at finalizeResolution (node:internal/modules/esm/resolve:271:11)
    at moduleResolve (node:internal/modules/esm/resolve:861:10)
    at defaultResolve (node:internal/modules/esm/resolve:988:11)
    at nextResolve (node:internal/modules/esm/hooks:769:28)
    at resolveBase (file:///Users/rohithazmeera/.npm/_npx/fd45a72a545557e9/node_modules/tsx/dist/esm/index.mjs?1774899150201:2:3744)
    at async resolveDirectory (file:///Users/rohithazmeera/.npm/_npx/fd45a72a545557e9/node_modules/tsx/dist/esm/index.mjs?1774899150201:2:4237)
    at async resolve (file:///Users/rohithazmeera/.npm/_npx/fd45a72a545557e9/node_modules/tsx/dist/esm/index.mjs?1774899150201:2:5355)
    at async nextResolve (node:internal/modules/esm/hooks:769:22)
    at async AsyncLoaderHooksOnLoaderHookWorker.resolve (node:internal/modules/esm/hooks:265:24)
    at async handleMessage (node:internal/modules/esm/worker:251:18)

[2026-03-30T19:35:35.896Z] SYNC ERROR for 900909498416: Cannot find module '/Users/rohithazmeera/Desktop/Sharkfunded/sharkfundedcrm/crm fusion funded/backend/src/lib/mt5-bridge' imported from /Users/rohithazmeera/Desktop/Sharkfunded/sharkfundedcrm/crm fusion funded/backend/src/workers/trade-sync-worker.ts
Error [ERR_MODULE_NOT_FOUND]: Cannot find module '/Users/rohithazmeera/Desktop/Sharkfunded/sharkfundedcrm/crm fusion funded/backend/src/lib/mt5-bridge' imported from /Users/rohithazmeera/Desktop/Sharkfunded/sharkfundedcrm/crm fusion funded/backend/src/workers/trade-sync-worker.ts
    at finalizeResolution (node:internal/modules/esm/resolve:271:11)
    at moduleResolve (node:internal/modules/esm/resolve:861:10)
    at defaultResolve (node:internal/modules/esm/resolve:988:11)
    at nextResolve (node:internal/modules/esm/hooks:769:28)
    at resolveBase (file:///Users/rohithazmeera/.npm/_npx/fd45a72a545557e9/node_modules/tsx/dist/esm/index.mjs?1774899150201:2:3744)
    at async resolveDirectory (file:///Users/rohithazmeera/.npm/_npx/fd45a72a545557e9/node_modules/tsx/dist/esm/index.mjs?1774899150201:2:4237)
    at async resolve (file:///Users/rohithazmeera/.npm/_npx/fd45a72a545557e9/node_modules/tsx/dist/esm/index.mjs?1774899150201:2:5355)
    at async nextResolve (node:internal/modules/esm/hooks:769:22)
    at async AsyncLoaderHooksOnLoaderHookWorker.resolve (node:internal/modules/esm/hooks:265:24)
    at async handleMessage (node:internal/modules/esm/worker:251:18)

[2026-03-30T19:35:35.952Z] SYNC ERROR for 900909503467: Cannot find module '/Users/rohithazmeera/Desktop/Sharkfunded/sharkfundedcrm/crm fusion funded/backend/src/lib/mt5-bridge' imported from /Users/rohithazmeera/Desktop/Sharkfunded/sharkfundedcrm/crm fusion funded/backend/src/workers/trade-sync-worker.ts
Error [ERR_MODULE_NOT_FOUND]: Cannot find module '/Users/rohithazmeera/Desktop/Sharkfunded/sharkfundedcrm/crm fusion funded/backend/src/lib/mt5-bridge' imported from /Users/rohithazmeera/Desktop/Sharkfunded/sharkfundedcrm/crm fusion funded/backend/src/workers/trade-sync-worker.ts
    at finalizeResolution (node:internal/modules/esm/resolve:271:11)
    at moduleResolve (node:internal/modules/esm/resolve:861:10)
    at defaultResolve (node:internal/modules/esm/resolve:988:11)
    at nextResolve (node:internal/modules/esm/hooks:769:28)
    at resolveBase (file:///Users/rohithazmeera/.npm/_npx/fd45a72a545557e9/node_modules/tsx/dist/esm/index.mjs?1774899150201:2:3744)
    at async resolveDirectory (file:///Users/rohithazmeera/.npm/_npx/fd45a72a545557e9/node_modules/tsx/dist/esm/index.mjs?1774899150201:2:4237)
    at async resolve (file:///Users/rohithazmeera/.npm/_npx/fd45a72a545557e9/node_modules/tsx/dist/esm/index.mjs?1774899150201:2:5355)
    at async nextResolve (node:internal/modules/esm/hooks:769:22)
    at async AsyncLoaderHooksOnLoaderHookWorker.resolve (node:internal/modules/esm/hooks:265:24)
    at async handleMessage (node:internal/modules/esm/worker:251:18)

[2026-03-31T12:47:24.871Z] SYNC ERROR for 900909500807: TypeError: fetch failed
undefined

[2026-03-31T16:47:44.617Z] SYNC ERROR for 900909506161: TypeError: fetch failed
undefined

[2026-03-31T17:38:19.449Z] SYNC ERROR for 900909505315: TypeError: fetch failed
undefined

[2026-03-31T17:38:19.456Z] SYNC ERROR for 900909506635: TypeError: fetch failed
undefined

[2026-03-31T17:44:03.653Z] SYNC ERROR for 900909505202: TypeError: fetch failed
undefined

[2026-04-04T13:41:28.290Z] SYNC ERROR for 900909506859: TypeError: fetch failed
undefined

